<============== TEST 100000 x 100 ==============>


<====== NUMBER OF THREADS: 1 ======>

<======= TEST 1 =======>

Overall time: 0.023870

<======================>


<======= TEST 2 =======>

Overall time: 0.023475

<======================>


<======= TEST 3 =======>

Overall time: 0.021376

<======================>


<======= TEST 4 =======>

Overall time: 0.028540

<======================>


<======= TEST 5 =======>

Overall time: 0.025830

<======================>


<====== NUMBER OF THREADS: 2 ======>

<======= TEST 1 =======>

Overall time: 0.022894

<======================>


<======= TEST 2 =======>

Overall time: 0.023613

<======================>


<======= TEST 3 =======>

Overall time: 0.021770

<======================>


<======= TEST 4 =======>

Overall time: 0.024691

<======================>


<======= TEST 5 =======>

Overall time: 0.025642

<======================>


<====== NUMBER OF THREADS: 3 ======>

<======= TEST 1 =======>

Overall time: 0.024422

<======================>


<======= TEST 2 =======>

Overall time: 0.024815

<======================>


<======= TEST 3 =======>

Overall time: 0.023265

<======================>


<======= TEST 4 =======>

Overall time: 0.023868

<======================>


<======= TEST 5 =======>

Overall time: 0.024707

<======================>


<====== NUMBER OF THREADS: 4 ======>

<======= TEST 1 =======>

Overall time: 0.025972

<======================>


<======= TEST 2 =======>

Overall time: 0.023974

<======================>


<======= TEST 3 =======>

Overall time: 0.024437

<======================>


<======= TEST 4 =======>

Overall time: 0.023595

<======================>


<======= TEST 5 =======>

Overall time: 0.023930

<======================>


<====== NUMBER OF THREADS: 5 ======>

<======= TEST 1 =======>

Overall time: 0.026287

<======================>


<======= TEST 2 =======>

Overall time: 0.023928

<======================>


<======= TEST 3 =======>

Overall time: 0.024481

<======================>


<======= TEST 4 =======>

Overall time: 0.022423

<======================>


<======= TEST 5 =======>

Overall time: 0.024622

<======================>


<====== NUMBER OF THREADS: 6 ======>

<======= TEST 1 =======>

Overall time: 0.024026

<======================>


<======= TEST 2 =======>

Overall time: 0.023698

<======================>


<======= TEST 3 =======>

Overall time: 0.023578

<======================>


<======= TEST 4 =======>

Overall time: 0.023096

<======================>


<======= TEST 5 =======>

Overall time: 0.022253

<======================>


<====== NUMBER OF THREADS: 7 ======>

<======= TEST 1 =======>

Overall time: 0.022984

<======================>


<======= TEST 2 =======>

Overall time: 0.024296

<======================>


<======= TEST 3 =======>

Overall time: 0.023358

<======================>


<======= TEST 4 =======>

Overall time: 0.026551

<======================>


<======= TEST 5 =======>

Overall time: 0.023062

<======================>


<====== NUMBER OF THREADS: 8 ======>

<======= TEST 1 =======>

Overall time: 0.026323

<======================>


<======= TEST 2 =======>

Overall time: 0.024752

<======================>


<======= TEST 3 =======>

Overall time: 0.023847

<======================>


<======= TEST 4 =======>

Overall time: 0.023057

<======================>


<======= TEST 5 =======>

Overall time: 0.023145

<======================>
