<============== TEST 100 x 100000 ==============>


<====== NUMBER OF THREADS: 1 ======>

<======= TEST 1 =======>

Overall time: 0.021531

<======================>


<======= TEST 2 =======>

Overall time: 0.021616

<======================>


<======= TEST 3 =======>

Overall time: 0.020357

<======================>


<======= TEST 4 =======>

Overall time: 0.022367

<======================>


<======= TEST 5 =======>

Overall time: 0.023357

<======================>


<====== NUMBER OF THREADS: 2 ======>

<======= TEST 1 =======>

Overall time: 0.022007

<======================>


<======= TEST 2 =======>

Overall time: 0.021008

<======================>


<======= TEST 3 =======>

Overall time: 0.023890

<======================>


<======= TEST 4 =======>

Overall time: 0.024232

<======================>


<======= TEST 5 =======>

Overall time: 0.020574

<======================>


<====== NUMBER OF THREADS: 3 ======>

<======= TEST 1 =======>

Overall time: 0.021582

<======================>


<======= TEST 2 =======>

Overall time: 0.019055

<======================>


<======= TEST 3 =======>

Overall time: 0.021242

<======================>


<======= TEST 4 =======>

Overall time: 0.023069

<======================>


<======= TEST 5 =======>

Overall time: 0.021428

<======================>


<====== NUMBER OF THREADS: 4 ======>

<======= TEST 1 =======>

Overall time: 0.021067

<======================>


<======= TEST 2 =======>

Overall time: 0.021474

<======================>


<======= TEST 3 =======>

Overall time: 0.022421

<======================>


<======= TEST 4 =======>

Overall time: 0.021955

<======================>


<======= TEST 5 =======>

Overall time: 0.022793

<======================>


<====== NUMBER OF THREADS: 5 ======>

<======= TEST 1 =======>

Overall time: 0.022017

<======================>


<======= TEST 2 =======>

Overall time: 0.021089

<======================>


<======= TEST 3 =======>

Overall time: 0.020940

<======================>


<======= TEST 4 =======>

Overall time: 0.019539

<======================>


<======= TEST 5 =======>

Overall time: 0.020728

<======================>


<====== NUMBER OF THREADS: 6 ======>

<======= TEST 1 =======>

Overall time: 0.023283

<======================>


<======= TEST 2 =======>

Overall time: 0.021801

<======================>


<======= TEST 3 =======>

Overall time: 0.021415

<======================>


<======= TEST 4 =======>

Overall time: 0.019137

<======================>


<======= TEST 5 =======>

Overall time: 0.025050

<======================>


<====== NUMBER OF THREADS: 7 ======>

<======= TEST 1 =======>

Overall time: 0.021389

<======================>


<======= TEST 2 =======>

Overall time: 0.019896

<======================>


<======= TEST 3 =======>

Overall time: 0.021663

<======================>


<======= TEST 4 =======>

Overall time: 0.020567

<======================>


<======= TEST 5 =======>

Overall time: 0.020929

<======================>


<====== NUMBER OF THREADS: 8 ======>

<======= TEST 1 =======>

Overall time: 0.022124

<======================>


<======= TEST 2 =======>

Overall time: 0.020196

<======================>


<======= TEST 3 =======>

Overall time: 0.023414

<======================>


<======= TEST 4 =======>

Overall time: 0.020900

<======================>


<======= TEST 5 =======>

Overall time: 0.021472

<======================>
