<============== TEST 100 x 1000 ==============>


<====== NUMBER OF THREADS: 1 ======>

<======= TEST 1 =======>

Overall time: 0.001092

<======================>


<======= TEST 2 =======>

Overall time: 0.001123

<======================>


<======= TEST 3 =======>

Overall time: 0.001086

<======================>


<======= TEST 4 =======>

Overall time: 0.001108

<======================>


<======= TEST 5 =======>

Overall time: 0.001123

<======================>


<====== NUMBER OF THREADS: 2 ======>

<======= TEST 1 =======>

Overall time: 0.001478

<======================>


<======= TEST 2 =======>

Overall time: 0.000880

<======================>


<======= TEST 3 =======>

Overall time: 0.001757

<======================>


<======= TEST 4 =======>

Overall time: 0.001434

<======================>


<======= TEST 5 =======>

Overall time: 0.002019

<======================>


<====== NUMBER OF THREADS: 3 ======>

<======= TEST 1 =======>

Overall time: 0.004312

<======================>


<======= TEST 2 =======>

Overall time: 0.003420

<======================>


<======= TEST 3 =======>

Overall time: 0.003387

<======================>


<======= TEST 4 =======>

Overall time: 0.003414

<======================>


<======= TEST 5 =======>

Overall time: 0.003420

<======================>


<====== NUMBER OF THREADS: 4 ======>

<======= TEST 1 =======>

Overall time: 0.003311

<======================>


<======= TEST 2 =======>

Overall time: 0.004591

<======================>


<======= TEST 3 =======>

Overall time: 0.003240

<======================>


<======= TEST 4 =======>

Overall time: 0.004401

<======================>


<======= TEST 5 =======>

Overall time: 0.001906

<======================>


<====== NUMBER OF THREADS: 5 ======>

<======= TEST 1 =======>

Overall time: 0.003773

<======================>


<======= TEST 2 =======>

Overall time: 0.003856

<======================>


<======= TEST 3 =======>

Overall time: 0.004004

<======================>


<======= TEST 4 =======>

Overall time: 0.005360

<======================>


<======= TEST 5 =======>

Overall time: 0.003509

<======================>


<====== NUMBER OF THREADS: 6 ======>

<======= TEST 1 =======>

Overall time: 0.005610

<======================>


<======= TEST 2 =======>

Overall time: 0.003352

<======================>


<======= TEST 3 =======>

Overall time: 0.005483

<======================>


<======= TEST 4 =======>

Overall time: 0.005533

<======================>


<======= TEST 5 =======>

Overall time: 0.004435

<======================>


<====== NUMBER OF THREADS: 7 ======>

<======= TEST 1 =======>

Overall time: 0.005991

<======================>


<======= TEST 2 =======>

Overall time: 0.004253

<======================>


<======= TEST 3 =======>

Overall time: 0.033412

<======================>


<======= TEST 4 =======>

Overall time: 0.014157

<======================>


<======= TEST 5 =======>

Overall time: 0.006147

<======================>


<====== NUMBER OF THREADS: 8 ======>

<======= TEST 1 =======>

Overall time: 0.006230

<======================>


<======= TEST 2 =======>

Overall time: 0.006221

<======================>


<======= TEST 3 =======>

Overall time: 0.008099

<======================>


<======= TEST 4 =======>

Overall time: 0.004858

<======================>


<======= TEST 5 =======>

Overall time: 0.008874

<======================>
