<============== TEST 10000 x 100000 ==============>


<====== NUMBER OF THREADS: 1 ======>

<======= TEST 1 =======>

Overall time: 9.590783

<======================>


<======= TEST 2 =======>

Overall time: 9.593473

<======================>


<======= TEST 3 =======>

Overall time: 9.591039

<======================>


<======= TEST 4 =======>

Overall time: 9.594545

<======================>


<======= TEST 5 =======>

Overall time: 9.591877

<======================>


<====== NUMBER OF THREADS: 2 ======>

<======= TEST 1 =======>

Overall time: 4.818974

<======================>


<======= TEST 2 =======>

Overall time: 4.815915

<======================>


<======= TEST 3 =======>

Overall time: 4.822842

<======================>


<======= TEST 4 =======>

Overall time: 4.819905

<======================>


<======= TEST 5 =======>

Overall time: 4.801964

<======================>


<====== NUMBER OF THREADS: 3 ======>

<======= TEST 1 =======>

Overall time: 3.219055

<======================>


<======= TEST 2 =======>

Overall time: 3.226625

<======================>


<======= TEST 3 =======>

Overall time: 3.219502

<======================>


<======= TEST 4 =======>

Overall time: 3.221681

<======================>


<======= TEST 5 =======>

Overall time: 3.216833

<======================>


<====== NUMBER OF THREADS: 4 ======>

<======= TEST 1 =======>

Overall time: 2.424227

<======================>


<======= TEST 2 =======>

Overall time: 2.425630

<======================>


<======= TEST 3 =======>

Overall time: 2.421779

<======================>


<======= TEST 4 =======>

Overall time: 2.422843

<======================>


<======= TEST 5 =======>

Overall time: 2.424416

<======================>


<====== NUMBER OF THREADS: 5 ======>

<======= TEST 1 =======>

Overall time: 1.955756

<======================>


<======= TEST 2 =======>

Overall time: 1.953852

<======================>


<======= TEST 3 =======>

Overall time: 1.954052

<======================>


<======= TEST 4 =======>

Overall time: 1.955048

<======================>


<======= TEST 5 =======>

Overall time: 1.953868

<======================>


<====== NUMBER OF THREADS: 6 ======>

<======= TEST 1 =======>

Overall time: 1.639761

<======================>


<======= TEST 2 =======>

Overall time: 1.641548

<======================>


<======= TEST 3 =======>

Overall time: 1.640617

<======================>


<======= TEST 4 =======>

Overall time: 1.649761

<======================>


<======= TEST 5 =======>

Overall time: 1.640528

<======================>


<====== NUMBER OF THREADS: 7 ======>

<======= TEST 1 =======>

Overall time: 1.444976

<======================>


<======= TEST 2 =======>

Overall time: 1.443382

<======================>


<======= TEST 3 =======>

Overall time: 1.764245

<======================>


<======= TEST 4 =======>

Overall time: 1.446657

<======================>


<======= TEST 5 =======>

Overall time: 1.445569

<======================>


<====== NUMBER OF THREADS: 8 ======>

<======= TEST 1 =======>

Overall time: 1.321013

<======================>


<======= TEST 2 =======>

Overall time: 1.320876

<======================>


<======= TEST 3 =======>

Overall time: 1.320643

<======================>


<======= TEST 4 =======>

Overall time: 1.321588

<======================>


<======= TEST 5 =======>

Overall time: 1.321585

<======================>