<=============== TEST 100 x 100 ===============>


<====== NUMBER OF THREADS: 1 ======>

<======= TEST 1 =======>

Overall time: 0.000122

<======================>


<======= TEST 2 =======>

Overall time: 0.000125

<======================>


<======= TEST 3 =======>

Overall time: 0.000120

<======================>


<====== NUMBER OF THREADS: 2 ======>

<======= TEST 1 =======>

Overall time: 0.002954

<======================>


<======= TEST 2 =======>

Overall time: 0.000135

<======================>


<======= TEST 3 =======>

Overall time: 0.002053

<======================>


<====== NUMBER OF THREADS: 3 ======>

<======= TEST 1 =======>

Overall time: 0.002295

<======================>


<======= TEST 2 =======>

Overall time: 0.003049

<======================>


<======= TEST 3 =======>

Overall time: 0.002151

<======================>


<====== NUMBER OF THREADS: 4 ======>

<======= TEST 1 =======>

Overall time: 0.006001

<======================>


<======= TEST 2 =======>

Overall time: 0.003931

<======================>


<======= TEST 3 =======>

Overall time: 0.004943

<======================>


<====== NUMBER OF THREADS: 5 ======>

<======= TEST 1 =======>

Overall time: 0.004922

<======================>


<======= TEST 2 =======>

Overall time: 0.004896

<======================>


<======= TEST 3 =======>

Overall time: 0.002164

<======================>


<====== NUMBER OF THREADS: 6 ======>

<======= TEST 1 =======>

Overall time: 0.008024

<======================>


<======= TEST 2 =======>

Overall time: 0.005969

<======================>


<======= TEST 3 =======>

Overall time: 0.007971

<======================>


<====== NUMBER OF THREADS: 7 ======>

<======= TEST 1 =======>

Overall time: 0.005859

<======================>


<======= TEST 2 =======>

Overall time: 0.007729

<======================>


<======= TEST 3 =======>

Overall time: 0.006024

<======================>


<====== NUMBER OF THREADS: 8 ======>

<======= TEST 1 =======>

Overall time: 0.006245

<======================>


<======= TEST 2 =======>

Overall time: 0.006345

<======================>


<======= TEST 3 =======>

Overall time: 0.009177

<======================>
