<============== TEST 100 x 10000 ==============>


<====== NUMBER OF THREADS: 1 ======>

<======= TEST 1 =======>

Overall time: 0.009751

<======================>


<======= TEST 2 =======>

Overall time: 0.009532

<======================>


<======= TEST 3 =======>

Overall time: 0.009534

<======================>


<======= TEST 4 =======>

Overall time: 0.011109

<======================>


<======= TEST 5 =======>

Overall time: 0.011094

<======================>


<====== NUMBER OF THREADS: 2 ======>

<======= TEST 1 =======>

Overall time: 0.008176

<======================>


<======= TEST 2 =======>

Overall time: 0.006136

<======================>


<======= TEST 3 =======>

Overall time: 0.007496

<======================>


<======= TEST 4 =======>

Overall time: 0.005705

<======================>


<======= TEST 5 =======>

Overall time: 0.008666

<======================>


<====== NUMBER OF THREADS: 3 ======>

<======= TEST 1 =======>

Overall time: 0.006222

<======================>


<======= TEST 2 =======>

Overall time: 0.004763

<======================>


<======= TEST 3 =======>

Overall time: 0.008628

<======================>


<======= TEST 4 =======>

Overall time: 0.004532

<======================>


<======= TEST 5 =======>

Overall time: 0.006160

<======================>


<====== NUMBER OF THREADS: 4 ======>

<======= TEST 1 =======>

Overall time: 0.005626

<======================>


<======= TEST 2 =======>

Overall time: 0.006298

<======================>


<======= TEST 3 =======>

Overall time: 0.006948

<======================>


<======= TEST 4 =======>

Overall time: 0.006609

<======================>


<======= TEST 5 =======>

Overall time: 0.005711

<======================>


<====== NUMBER OF THREADS: 5 ======>

<======= TEST 1 =======>

Overall time: 0.007216

<======================>


<======= TEST 2 =======>

Overall time: 0.006525

<======================>


<======= TEST 3 =======>

Overall time: 0.006821

<======================>


<======= TEST 4 =======>

Overall time: 0.005256

<======================>


<======= TEST 5 =======>

Overall time: 0.005774

<======================>


<====== NUMBER OF THREADS: 6 ======>

<======= TEST 1 =======>

Overall time: 0.006914

<======================>


<======= TEST 2 =======>

Overall time: 0.004089

<======================>


<======= TEST 3 =======>

Overall time: 0.005907

<======================>


<======= TEST 4 =======>

Overall time: 0.005379

<======================>


<======= TEST 5 =======>

Overall time: 0.006706

<======================>


<====== NUMBER OF THREADS: 7 ======>

<======= TEST 1 =======>

Overall time: 0.008808

<======================>


<======= TEST 2 =======>

Overall time: 0.008836

<======================>


<======= TEST 3 =======>

Overall time: 0.009589

<======================>


<======= TEST 4 =======>

Overall time: 0.009661

<======================>


<======= TEST 5 =======>

Overall time: 0.006211

<======================>


<====== NUMBER OF THREADS: 8 ======>

<======= TEST 1 =======>

Overall time: 0.008271

<======================>


<======= TEST 2 =======>

Overall time: 0.007826

<======================>


<======= TEST 3 =======>

Overall time: 0.009039

<======================>


<======= TEST 4 =======>

Overall time: 0.008909

<======================>


<======= TEST 5 =======>

Overall time: 0.008148

<======================>
